  graphicsclass.cpp
c:\program files (x86)\microsoft directx sdk (june 2010)\include\dxgitype.h(12): warning C4005: DXGI_STATUS_OCCLUDED: изменение макроопределения
  c:\program files (x86)\windows kits\10\include\10.0.16299.0\shared\winerror.h(53655): note: см. предыдущее определение "DXGI_STATUS_OCCLUDED"
c:\program files (x86)\microsoft directx sdk (june 2010)\include\dxgitype.h(13): warning C4005: DXGI_STATUS_CLIPPED: изменение макроопределения
  c:\program files (x86)\windows kits\10\include\10.0.16299.0\shared\winerror.h(53664): note: см. предыдущее определение "DXGI_STATUS_CLIPPED"
c:\program files (x86)\microsoft directx sdk (june 2010)\include\dxgitype.h(14): warning C4005: DXGI_STATUS_NO_REDIRECTION: изменение макроопределения
  c:\program files (x86)\windows kits\10\include\10.0.16299.0\shared\winerror.h(53673): note: см. предыдущее определение "DXGI_STATUS_NO_REDIRECTION"
c:\program files (x86)\microsoft directx sdk (june 2010)\include\dxgitype.h(15): warning C4005: DXGI_STATUS_NO_DESKTOP_ACCESS: изменение макроопределения
  c:\program files (x86)\windows kits\10\include\10.0.16299.0\shared\winerror.h(53682): note: см. предыдущее определение "DXGI_STATUS_NO_DESKTOP_ACCESS"
c:\program files (x86)\microsoft directx sdk (june 2010)\include\dxgitype.h(16): warning C4005: DXGI_STATUS_GRAPHICS_VIDPN_SOURCE_IN_USE: изменение макроопределения
  c:\program files (x86)\windows kits\10\include\10.0.16299.0\shared\winerror.h(53691): note: см. предыдущее определение "DXGI_STATUS_GRAPHICS_VIDPN_SOURCE_IN_USE"
c:\program files (x86)\microsoft directx sdk (june 2010)\include\dxgitype.h(17): warning C4005: DXGI_STATUS_MODE_CHANGED: изменение макроопределения
  c:\program files (x86)\windows kits\10\include\10.0.16299.0\shared\winerror.h(53700): note: см. предыдущее определение "DXGI_STATUS_MODE_CHANGED"
c:\program files (x86)\microsoft directx sdk (june 2010)\include\dxgitype.h(18): warning C4005: DXGI_STATUS_MODE_CHANGE_IN_PROGRESS: изменение макроопределения
  c:\program files (x86)\windows kits\10\include\10.0.16299.0\shared\winerror.h(53709): note: см. предыдущее определение "DXGI_STATUS_MODE_CHANGE_IN_PROGRESS"
c:\program files (x86)\microsoft directx sdk (june 2010)\include\dxgitype.h(21): warning C4005: DXGI_ERROR_INVALID_CALL: изменение макроопределения
  c:\program files (x86)\windows kits\10\include\10.0.16299.0\shared\winerror.h(53724): note: см. предыдущее определение "DXGI_ERROR_INVALID_CALL"
c:\program files (x86)\microsoft directx sdk (june 2010)\include\dxgitype.h(22): warning C4005: DXGI_ERROR_NOT_FOUND: изменение макроопределения
  c:\program files (x86)\windows kits\10\include\10.0.16299.0\shared\winerror.h(53733): note: см. предыдущее определение "DXGI_ERROR_NOT_FOUND"
c:\program files (x86)\microsoft directx sdk (june 2010)\include\dxgitype.h(23): warning C4005: DXGI_ERROR_MORE_DATA: изменение макроопределения
  c:\program files (x86)\windows kits\10\include\10.0.16299.0\shared\winerror.h(53742): note: см. предыдущее определение "DXGI_ERROR_MORE_DATA"
c:\program files (x86)\microsoft directx sdk (june 2010)\include\dxgitype.h(24): warning C4005: DXGI_ERROR_UNSUPPORTED: изменение макроопределения
  c:\program files (x86)\windows kits\10\include\10.0.16299.0\shared\winerror.h(53751): note: см. предыдущее определение "DXGI_ERROR_UNSUPPORTED"
c:\program files (x86)\microsoft directx sdk (june 2010)\include\dxgitype.h(25): warning C4005: DXGI_ERROR_DEVICE_REMOVED: изменение макроопределения
  c:\program files (x86)\windows kits\10\include\10.0.16299.0\shared\winerror.h(53760): note: см. предыдущее определение "DXGI_ERROR_DEVICE_REMOVED"
c:\program files (x86)\microsoft directx sdk (june 2010)\include\dxgitype.h(26): warning C4005: DXGI_ERROR_DEVICE_HUNG: изменение макроопределения
  c:\program files (x86)\windows kits\10\include\10.0.16299.0\shared\winerror.h(53769): note: см. предыдущее определение "DXGI_ERROR_DEVICE_HUNG"
c:\program files (x86)\microsoft directx sdk (june 2010)\include\dxgitype.h(27): warning C4005: DXGI_ERROR_DEVICE_RESET: изменение макроопределения
  c:\program files (x86)\windows kits\10\include\10.0.16299.0\shared\winerror.h(53779): note: см. предыдущее определение "DXGI_ERROR_DEVICE_RESET"
c:\program files (x86)\microsoft directx sdk (june 2010)\include\dxgitype.h(28): warning C4005: DXGI_ERROR_WAS_STILL_DRAWING: изменение макроопределения
  c:\program files (x86)\windows kits\10\include\10.0.16299.0\shared\winerror.h(53788): note: см. предыдущее определение "DXGI_ERROR_WAS_STILL_DRAWING"
c:\program files (x86)\microsoft directx sdk (june 2010)\include\dxgitype.h(29): warning C4005: DXGI_ERROR_FRAME_STATISTICS_DISJOINT: изменение макроопределения
  c:\program files (x86)\windows kits\10\include\10.0.16299.0\shared\winerror.h(53798): note: см. предыдущее определение "DXGI_ERROR_FRAME_STATISTICS_DISJOINT"
c:\program files (x86)\microsoft directx sdk (june 2010)\include\dxgitype.h(30): warning C4005: DXGI_ERROR_GRAPHICS_VIDPN_SOURCE_IN_USE: изменение макроопределения
  c:\program files (x86)\windows kits\10\include\10.0.16299.0\shared\winerror.h(53807): note: см. предыдущее определение "DXGI_ERROR_GRAPHICS_VIDPN_SOURCE_IN_USE"
c:\program files (x86)\microsoft directx sdk (june 2010)\include\dxgitype.h(31): warning C4005: DXGI_ERROR_DRIVER_INTERNAL_ERROR: изменение макроопределения
  c:\program files (x86)\windows kits\10\include\10.0.16299.0\shared\winerror.h(53817): note: см. предыдущее определение "DXGI_ERROR_DRIVER_INTERNAL_ERROR"
c:\program files (x86)\microsoft directx sdk (june 2010)\include\dxgitype.h(32): warning C4005: DXGI_ERROR_NONEXCLUSIVE: изменение макроопределения
  c:\program files (x86)\windows kits\10\include\10.0.16299.0\shared\winerror.h(53826): note: см. предыдущее определение "DXGI_ERROR_NONEXCLUSIVE"
c:\program files (x86)\microsoft directx sdk (june 2010)\include\dxgitype.h(33): warning C4005: DXGI_ERROR_NOT_CURRENTLY_AVAILABLE: изменение макроопределения
  c:\program files (x86)\windows kits\10\include\10.0.16299.0\shared\winerror.h(53835): note: см. предыдущее определение "DXGI_ERROR_NOT_CURRENTLY_AVAILABLE"
c:\program files (x86)\microsoft directx sdk (june 2010)\include\dxgitype.h(34): warning C4005: DXGI_ERROR_REMOTE_CLIENT_DISCONNECTED: изменение макроопределения
  c:\program files (x86)\windows kits\10\include\10.0.16299.0\shared\winerror.h(53845): note: см. предыдущее определение "DXGI_ERROR_REMOTE_CLIENT_DISCONNECTED"
c:\program files (x86)\microsoft directx sdk (june 2010)\include\dxgitype.h(35): warning C4005: DXGI_ERROR_REMOTE_OUTOFMEMORY: изменение макроопределения
  c:\program files (x86)\windows kits\10\include\10.0.16299.0\shared\winerror.h(53854): note: см. предыдущее определение "DXGI_ERROR_REMOTE_OUTOFMEMORY"
c:\program files (x86)\microsoft directx sdk (june 2010)\include\d3d11.h(917): warning C4005: D3D11_ERROR_TOO_MANY_UNIQUE_STATE_OBJECTS: изменение макроопределения
  c:\program files (x86)\windows kits\10\include\10.0.16299.0\shared\winerror.h(54118): note: см. предыдущее определение "D3D11_ERROR_TOO_MANY_UNIQUE_STATE_OBJECTS"
c:\program files (x86)\microsoft directx sdk (june 2010)\include\d3d11.h(918): warning C4005: D3D11_ERROR_FILE_NOT_FOUND: изменение макроопределения
  c:\program files (x86)\windows kits\10\include\10.0.16299.0\shared\winerror.h(54127): note: см. предыдущее определение "D3D11_ERROR_FILE_NOT_FOUND"
c:\program files (x86)\microsoft directx sdk (june 2010)\include\d3d11.h(919): warning C4005: D3D11_ERROR_TOO_MANY_UNIQUE_VIEW_OBJECTS: изменение макроопределения
  c:\program files (x86)\windows kits\10\include\10.0.16299.0\shared\winerror.h(54137): note: см. предыдущее определение "D3D11_ERROR_TOO_MANY_UNIQUE_VIEW_OBJECTS"
c:\program files (x86)\microsoft directx sdk (june 2010)\include\d3d11.h(920): warning C4005: D3D11_ERROR_DEFERRED_CONTEXT_MAP_WITHOUT_INITIAL_DISCARD: изменение макроопределения
  c:\program files (x86)\windows kits\10\include\10.0.16299.0\shared\winerror.h(54146): note: см. предыдущее определение "D3D11_ERROR_DEFERRED_CONTEXT_MAP_WITHOUT_INITIAL_DISCARD"
c:\program files (x86)\microsoft directx sdk (june 2010)\include\d3d10.h(608): warning C4005: D3D10_ERROR_TOO_MANY_UNIQUE_STATE_OBJECTS: изменение макроопределения
  c:\program files (x86)\windows kits\10\include\10.0.16299.0\shared\winerror.h(54094): note: см. предыдущее определение "D3D10_ERROR_TOO_MANY_UNIQUE_STATE_OBJECTS"
c:\program files (x86)\microsoft directx sdk (june 2010)\include\d3d10.h(609): warning C4005: D3D10_ERROR_FILE_NOT_FOUND: изменение макроопределения
  c:\program files (x86)\windows kits\10\include\10.0.16299.0\shared\winerror.h(54103): note: см. предыдущее определение "D3D10_ERROR_FILE_NOT_FOUND"
  inputclass.cpp
  pgis.cpp
c:\program files (x86)\microsoft directx sdk (june 2010)\include\dxgitype.h(12): warning C4005: DXGI_STATUS_OCCLUDED: изменение макроопределения
  c:\program files (x86)\windows kits\10\include\10.0.16299.0\shared\winerror.h(53655): note: см. предыдущее определение "DXGI_STATUS_OCCLUDED"
c:\program files (x86)\microsoft directx sdk (june 2010)\include\dxgitype.h(13): warning C4005: DXGI_STATUS_CLIPPED: изменение макроопределения
  c:\program files (x86)\windows kits\10\include\10.0.16299.0\shared\winerror.h(53664): note: см. предыдущее определение "DXGI_STATUS_CLIPPED"
c:\program files (x86)\microsoft directx sdk (june 2010)\include\dxgitype.h(14): warning C4005: DXGI_STATUS_NO_REDIRECTION: изменение макроопределения
  c:\program files (x86)\windows kits\10\include\10.0.16299.0\shared\winerror.h(53673): note: см. предыдущее определение "DXGI_STATUS_NO_REDIRECTION"
c:\program files (x86)\microsoft directx sdk (june 2010)\include\dxgitype.h(15): warning C4005: DXGI_STATUS_NO_DESKTOP_ACCESS: изменение макроопределения
  c:\program files (x86)\windows kits\10\include\10.0.16299.0\shared\winerror.h(53682): note: см. предыдущее определение "DXGI_STATUS_NO_DESKTOP_ACCESS"
c:\program files (x86)\microsoft directx sdk (june 2010)\include\dxgitype.h(16): warning C4005: DXGI_STATUS_GRAPHICS_VIDPN_SOURCE_IN_USE: изменение макроопределения
  c:\program files (x86)\windows kits\10\include\10.0.16299.0\shared\winerror.h(53691): note: см. предыдущее определение "DXGI_STATUS_GRAPHICS_VIDPN_SOURCE_IN_USE"
c:\program files (x86)\microsoft directx sdk (june 2010)\include\dxgitype.h(17): warning C4005: DXGI_STATUS_MODE_CHANGED: изменение макроопределения
  c:\program files (x86)\windows kits\10\include\10.0.16299.0\shared\winerror.h(53700): note: см. предыдущее определение "DXGI_STATUS_MODE_CHANGED"
c:\program files (x86)\microsoft directx sdk (june 2010)\include\dxgitype.h(18): warning C4005: DXGI_STATUS_MODE_CHANGE_IN_PROGRESS: изменение макроопределения
  c:\program files (x86)\windows kits\10\include\10.0.16299.0\shared\winerror.h(53709): note: см. предыдущее определение "DXGI_STATUS_MODE_CHANGE_IN_PROGRESS"
c:\program files (x86)\microsoft directx sdk (june 2010)\include\dxgitype.h(21): warning C4005: DXGI_ERROR_INVALID_CALL: изменение макроопределения
  c:\program files (x86)\windows kits\10\include\10.0.16299.0\shared\winerror.h(53724): note: см. предыдущее определение "DXGI_ERROR_INVALID_CALL"
c:\program files (x86)\microsoft directx sdk (june 2010)\include\dxgitype.h(22): warning C4005: DXGI_ERROR_NOT_FOUND: изменение макроопределения
  c:\program files (x86)\windows kits\10\include\10.0.16299.0\shared\winerror.h(53733): note: см. предыдущее определение "DXGI_ERROR_NOT_FOUND"
c:\program files (x86)\microsoft directx sdk (june 2010)\include\dxgitype.h(23): warning C4005: DXGI_ERROR_MORE_DATA: изменение макроопределения
  c:\program files (x86)\windows kits\10\include\10.0.16299.0\shared\winerror.h(53742): note: см. предыдущее определение "DXGI_ERROR_MORE_DATA"
c:\program files (x86)\microsoft directx sdk (june 2010)\include\dxgitype.h(24): warning C4005: DXGI_ERROR_UNSUPPORTED: изменение макроопределения
  c:\program files (x86)\windows kits\10\include\10.0.16299.0\shared\winerror.h(53751): note: см. предыдущее определение "DXGI_ERROR_UNSUPPORTED"
c:\program files (x86)\microsoft directx sdk (june 2010)\include\dxgitype.h(25): warning C4005: DXGI_ERROR_DEVICE_REMOVED: изменение макроопределения
  c:\program files (x86)\windows kits\10\include\10.0.16299.0\shared\winerror.h(53760): note: см. предыдущее определение "DXGI_ERROR_DEVICE_REMOVED"
c:\program files (x86)\microsoft directx sdk (june 2010)\include\dxgitype.h(26): warning C4005: DXGI_ERROR_DEVICE_HUNG: изменение макроопределения
  c:\program files (x86)\windows kits\10\include\10.0.16299.0\shared\winerror.h(53769): note: см. предыдущее определение "DXGI_ERROR_DEVICE_HUNG"
c:\program files (x86)\microsoft directx sdk (june 2010)\include\dxgitype.h(27): warning C4005: DXGI_ERROR_DEVICE_RESET: изменение макроопределения
  c:\program files (x86)\windows kits\10\include\10.0.16299.0\shared\winerror.h(53779): note: см. предыдущее определение "DXGI_ERROR_DEVICE_RESET"
c:\program files (x86)\microsoft directx sdk (june 2010)\include\dxgitype.h(28): warning C4005: DXGI_ERROR_WAS_STILL_DRAWING: изменение макроопределения
  c:\program files (x86)\windows kits\10\include\10.0.16299.0\shared\winerror.h(53788): note: см. предыдущее определение "DXGI_ERROR_WAS_STILL_DRAWING"
c:\program files (x86)\microsoft directx sdk (june 2010)\include\dxgitype.h(29): warning C4005: DXGI_ERROR_FRAME_STATISTICS_DISJOINT: изменение макроопределения
  c:\program files (x86)\windows kits\10\include\10.0.16299.0\shared\winerror.h(53798): note: см. предыдущее определение "DXGI_ERROR_FRAME_STATISTICS_DISJOINT"
c:\program files (x86)\microsoft directx sdk (june 2010)\include\dxgitype.h(30): warning C4005: DXGI_ERROR_GRAPHICS_VIDPN_SOURCE_IN_USE: изменение макроопределения
  c:\program files (x86)\windows kits\10\include\10.0.16299.0\shared\winerror.h(53807): note: см. предыдущее определение "DXGI_ERROR_GRAPHICS_VIDPN_SOURCE_IN_USE"
c:\program files (x86)\microsoft directx sdk (june 2010)\include\dxgitype.h(31): warning C4005: DXGI_ERROR_DRIVER_INTERNAL_ERROR: изменение макроопределения
  c:\program files (x86)\windows kits\10\include\10.0.16299.0\shared\winerror.h(53817): note: см. предыдущее определение "DXGI_ERROR_DRIVER_INTERNAL_ERROR"
c:\program files (x86)\microsoft directx sdk (june 2010)\include\dxgitype.h(32): warning C4005: DXGI_ERROR_NONEXCLUSIVE: изменение макроопределения
  c:\program files (x86)\windows kits\10\include\10.0.16299.0\shared\winerror.h(53826): note: см. предыдущее определение "DXGI_ERROR_NONEXCLUSIVE"
c:\program files (x86)\microsoft directx sdk (june 2010)\include\dxgitype.h(33): warning C4005: DXGI_ERROR_NOT_CURRENTLY_AVAILABLE: изменение макроопределения
  c:\program files (x86)\windows kits\10\include\10.0.16299.0\shared\winerror.h(53835): note: см. предыдущее определение "DXGI_ERROR_NOT_CURRENTLY_AVAILABLE"
c:\program files (x86)\microsoft directx sdk (june 2010)\include\dxgitype.h(34): warning C4005: DXGI_ERROR_REMOTE_CLIENT_DISCONNECTED: изменение макроопределения
  c:\program files (x86)\windows kits\10\include\10.0.16299.0\shared\winerror.h(53845): note: см. предыдущее определение "DXGI_ERROR_REMOTE_CLIENT_DISCONNECTED"
c:\program files (x86)\microsoft directx sdk (june 2010)\include\dxgitype.h(35): warning C4005: DXGI_ERROR_REMOTE_OUTOFMEMORY: изменение макроопределения
  c:\program files (x86)\windows kits\10\include\10.0.16299.0\shared\winerror.h(53854): note: см. предыдущее определение "DXGI_ERROR_REMOTE_OUTOFMEMORY"
c:\program files (x86)\microsoft directx sdk (june 2010)\include\d3d11.h(917): warning C4005: D3D11_ERROR_TOO_MANY_UNIQUE_STATE_OBJECTS: изменение макроопределения
  c:\program files (x86)\windows kits\10\include\10.0.16299.0\shared\winerror.h(54118): note: см. предыдущее определение "D3D11_ERROR_TOO_MANY_UNIQUE_STATE_OBJECTS"
c:\program files (x86)\microsoft directx sdk (june 2010)\include\d3d11.h(918): warning C4005: D3D11_ERROR_FILE_NOT_FOUND: изменение макроопределения
  c:\program files (x86)\windows kits\10\include\10.0.16299.0\shared\winerror.h(54127): note: см. предыдущее определение "D3D11_ERROR_FILE_NOT_FOUND"
c:\program files (x86)\microsoft directx sdk (june 2010)\include\d3d11.h(919): warning C4005: D3D11_ERROR_TOO_MANY_UNIQUE_VIEW_OBJECTS: изменение макроопределения
  c:\program files (x86)\windows kits\10\include\10.0.16299.0\shared\winerror.h(54137): note: см. предыдущее определение "D3D11_ERROR_TOO_MANY_UNIQUE_VIEW_OBJECTS"
c:\program files (x86)\microsoft directx sdk (june 2010)\include\d3d11.h(920): warning C4005: D3D11_ERROR_DEFERRED_CONTEXT_MAP_WITHOUT_INITIAL_DISCARD: изменение макроопределения
  c:\program files (x86)\windows kits\10\include\10.0.16299.0\shared\winerror.h(54146): note: см. предыдущее определение "D3D11_ERROR_DEFERRED_CONTEXT_MAP_WITHOUT_INITIAL_DISCARD"
c:\program files (x86)\microsoft directx sdk (june 2010)\include\d3d10.h(608): warning C4005: D3D10_ERROR_TOO_MANY_UNIQUE_STATE_OBJECTS: изменение макроопределения
  c:\program files (x86)\windows kits\10\include\10.0.16299.0\shared\winerror.h(54094): note: см. предыдущее определение "D3D10_ERROR_TOO_MANY_UNIQUE_STATE_OBJECTS"
c:\program files (x86)\microsoft directx sdk (june 2010)\include\d3d10.h(609): warning C4005: D3D10_ERROR_FILE_NOT_FOUND: изменение макроопределения
  c:\program files (x86)\windows kits\10\include\10.0.16299.0\shared\winerror.h(54103): note: см. предыдущее определение "D3D10_ERROR_FILE_NOT_FOUND"
  systemclass.cpp
c:\program files (x86)\microsoft directx sdk (june 2010)\include\dxgitype.h(12): warning C4005: DXGI_STATUS_OCCLUDED: изменение макроопределения
  c:\program files (x86)\windows kits\10\include\10.0.16299.0\shared\winerror.h(53655): note: см. предыдущее определение "DXGI_STATUS_OCCLUDED"
c:\program files (x86)\microsoft directx sdk (june 2010)\include\dxgitype.h(13): warning C4005: DXGI_STATUS_CLIPPED: изменение макроопределения
  c:\program files (x86)\windows kits\10\include\10.0.16299.0\shared\winerror.h(53664): note: см. предыдущее определение "DXGI_STATUS_CLIPPED"
c:\program files (x86)\microsoft directx sdk (june 2010)\include\dxgitype.h(14): warning C4005: DXGI_STATUS_NO_REDIRECTION: изменение макроопределения
  c:\program files (x86)\windows kits\10\include\10.0.16299.0\shared\winerror.h(53673): note: см. предыдущее определение "DXGI_STATUS_NO_REDIRECTION"
c:\program files (x86)\microsoft directx sdk (june 2010)\include\dxgitype.h(15): warning C4005: DXGI_STATUS_NO_DESKTOP_ACCESS: изменение макроопределения
  c:\program files (x86)\windows kits\10\include\10.0.16299.0\shared\winerror.h(53682): note: см. предыдущее определение "DXGI_STATUS_NO_DESKTOP_ACCESS"
c:\program files (x86)\microsoft directx sdk (june 2010)\include\dxgitype.h(16): warning C4005: DXGI_STATUS_GRAPHICS_VIDPN_SOURCE_IN_USE: изменение макроопределения
  c:\program files (x86)\windows kits\10\include\10.0.16299.0\shared\winerror.h(53691): note: см. предыдущее определение "DXGI_STATUS_GRAPHICS_VIDPN_SOURCE_IN_USE"
c:\program files (x86)\microsoft directx sdk (june 2010)\include\dxgitype.h(17): warning C4005: DXGI_STATUS_MODE_CHANGED: изменение макроопределения
  c:\program files (x86)\windows kits\10\include\10.0.16299.0\shared\winerror.h(53700): note: см. предыдущее определение "DXGI_STATUS_MODE_CHANGED"
c:\program files (x86)\microsoft directx sdk (june 2010)\include\dxgitype.h(18): warning C4005: DXGI_STATUS_MODE_CHANGE_IN_PROGRESS: изменение макроопределения
  c:\program files (x86)\windows kits\10\include\10.0.16299.0\shared\winerror.h(53709): note: см. предыдущее определение "DXGI_STATUS_MODE_CHANGE_IN_PROGRESS"
c:\program files (x86)\microsoft directx sdk (june 2010)\include\dxgitype.h(21): warning C4005: DXGI_ERROR_INVALID_CALL: изменение макроопределения
  c:\program files (x86)\windows kits\10\include\10.0.16299.0\shared\winerror.h(53724): note: см. предыдущее определение "DXGI_ERROR_INVALID_CALL"
c:\program files (x86)\microsoft directx sdk (june 2010)\include\dxgitype.h(22): warning C4005: DXGI_ERROR_NOT_FOUND: изменение макроопределения
  c:\program files (x86)\windows kits\10\include\10.0.16299.0\shared\winerror.h(53733): note: см. предыдущее определение "DXGI_ERROR_NOT_FOUND"
c:\program files (x86)\microsoft directx sdk (june 2010)\include\dxgitype.h(23): warning C4005: DXGI_ERROR_MORE_DATA: изменение макроопределения
  c:\program files (x86)\windows kits\10\include\10.0.16299.0\shared\winerror.h(53742): note: см. предыдущее определение "DXGI_ERROR_MORE_DATA"
c:\program files (x86)\microsoft directx sdk (june 2010)\include\dxgitype.h(24): warning C4005: DXGI_ERROR_UNSUPPORTED: изменение макроопределения
  c:\program files (x86)\windows kits\10\include\10.0.16299.0\shared\winerror.h(53751): note: см. предыдущее определение "DXGI_ERROR_UNSUPPORTED"
c:\program files (x86)\microsoft directx sdk (june 2010)\include\dxgitype.h(25): warning C4005: DXGI_ERROR_DEVICE_REMOVED: изменение макроопределения
  c:\program files (x86)\windows kits\10\include\10.0.16299.0\shared\winerror.h(53760): note: см. предыдущее определение "DXGI_ERROR_DEVICE_REMOVED"
c:\program files (x86)\microsoft directx sdk (june 2010)\include\dxgitype.h(26): warning C4005: DXGI_ERROR_DEVICE_HUNG: изменение макроопределения
  c:\program files (x86)\windows kits\10\include\10.0.16299.0\shared\winerror.h(53769): note: см. предыдущее определение "DXGI_ERROR_DEVICE_HUNG"
c:\program files (x86)\microsoft directx sdk (june 2010)\include\dxgitype.h(27): warning C4005: DXGI_ERROR_DEVICE_RESET: изменение макроопределения
  c:\program files (x86)\windows kits\10\include\10.0.16299.0\shared\winerror.h(53779): note: см. предыдущее определение "DXGI_ERROR_DEVICE_RESET"
c:\program files (x86)\microsoft directx sdk (june 2010)\include\dxgitype.h(28): warning C4005: DXGI_ERROR_WAS_STILL_DRAWING: изменение макроопределения
  c:\program files (x86)\windows kits\10\include\10.0.16299.0\shared\winerror.h(53788): note: см. предыдущее определение "DXGI_ERROR_WAS_STILL_DRAWING"
c:\program files (x86)\microsoft directx sdk (june 2010)\include\dxgitype.h(29): warning C4005: DXGI_ERROR_FRAME_STATISTICS_DISJOINT: изменение макроопределения
  c:\program files (x86)\windows kits\10\include\10.0.16299.0\shared\winerror.h(53798): note: см. предыдущее определение "DXGI_ERROR_FRAME_STATISTICS_DISJOINT"
c:\program files (x86)\microsoft directx sdk (june 2010)\include\dxgitype.h(30): warning C4005: DXGI_ERROR_GRAPHICS_VIDPN_SOURCE_IN_USE: изменение макроопределения
  c:\program files (x86)\windows kits\10\include\10.0.16299.0\shared\winerror.h(53807): note: см. предыдущее определение "DXGI_ERROR_GRAPHICS_VIDPN_SOURCE_IN_USE"
c:\program files (x86)\microsoft directx sdk (june 2010)\include\dxgitype.h(31): warning C4005: DXGI_ERROR_DRIVER_INTERNAL_ERROR: изменение макроопределения
  c:\program files (x86)\windows kits\10\include\10.0.16299.0\shared\winerror.h(53817): note: см. предыдущее определение "DXGI_ERROR_DRIVER_INTERNAL_ERROR"
c:\program files (x86)\microsoft directx sdk (june 2010)\include\dxgitype.h(32): warning C4005: DXGI_ERROR_NONEXCLUSIVE: изменение макроопределения
  c:\program files (x86)\windows kits\10\include\10.0.16299.0\shared\winerror.h(53826): note: см. предыдущее определение "DXGI_ERROR_NONEXCLUSIVE"
c:\program files (x86)\microsoft directx sdk (june 2010)\include\dxgitype.h(33): warning C4005: DXGI_ERROR_NOT_CURRENTLY_AVAILABLE: изменение макроопределения
  c:\program files (x86)\windows kits\10\include\10.0.16299.0\shared\winerror.h(53835): note: см. предыдущее определение "DXGI_ERROR_NOT_CURRENTLY_AVAILABLE"
c:\program files (x86)\microsoft directx sdk (june 2010)\include\dxgitype.h(34): warning C4005: DXGI_ERROR_REMOTE_CLIENT_DISCONNECTED: изменение макроопределения
  c:\program files (x86)\windows kits\10\include\10.0.16299.0\shared\winerror.h(53845): note: см. предыдущее определение "DXGI_ERROR_REMOTE_CLIENT_DISCONNECTED"
c:\program files (x86)\microsoft directx sdk (june 2010)\include\dxgitype.h(35): warning C4005: DXGI_ERROR_REMOTE_OUTOFMEMORY: изменение макроопределения
  c:\program files (x86)\windows kits\10\include\10.0.16299.0\shared\winerror.h(53854): note: см. предыдущее определение "DXGI_ERROR_REMOTE_OUTOFMEMORY"
c:\program files (x86)\microsoft directx sdk (june 2010)\include\d3d11.h(917): warning C4005: D3D11_ERROR_TOO_MANY_UNIQUE_STATE_OBJECTS: изменение макроопределения
  c:\program files (x86)\windows kits\10\include\10.0.16299.0\shared\winerror.h(54118): note: см. предыдущее определение "D3D11_ERROR_TOO_MANY_UNIQUE_STATE_OBJECTS"
c:\program files (x86)\microsoft directx sdk (june 2010)\include\d3d11.h(918): warning C4005: D3D11_ERROR_FILE_NOT_FOUND: изменение макроопределения
  c:\program files (x86)\windows kits\10\include\10.0.16299.0\shared\winerror.h(54127): note: см. предыдущее определение "D3D11_ERROR_FILE_NOT_FOUND"
c:\program files (x86)\microsoft directx sdk (june 2010)\include\d3d11.h(919): warning C4005: D3D11_ERROR_TOO_MANY_UNIQUE_VIEW_OBJECTS: изменение макроопределения
  c:\program files (x86)\windows kits\10\include\10.0.16299.0\shared\winerror.h(54137): note: см. предыдущее определение "D3D11_ERROR_TOO_MANY_UNIQUE_VIEW_OBJECTS"
c:\program files (x86)\microsoft directx sdk (june 2010)\include\d3d11.h(920): warning C4005: D3D11_ERROR_DEFERRED_CONTEXT_MAP_WITHOUT_INITIAL_DISCARD: изменение макроопределения
  c:\program files (x86)\windows kits\10\include\10.0.16299.0\shared\winerror.h(54146): note: см. предыдущее определение "D3D11_ERROR_DEFERRED_CONTEXT_MAP_WITHOUT_INITIAL_DISCARD"
c:\program files (x86)\microsoft directx sdk (june 2010)\include\d3d10.h(608): warning C4005: D3D10_ERROR_TOO_MANY_UNIQUE_STATE_OBJECTS: изменение макроопределения
  c:\program files (x86)\windows kits\10\include\10.0.16299.0\shared\winerror.h(54094): note: см. предыдущее определение "D3D10_ERROR_TOO_MANY_UNIQUE_STATE_OBJECTS"
c:\program files (x86)\microsoft directx sdk (june 2010)\include\d3d10.h(609): warning C4005: D3D10_ERROR_FILE_NOT_FOUND: изменение макроопределения
  c:\program files (x86)\windows kits\10\include\10.0.16299.0\shared\winerror.h(54103): note: см. предыдущее определение "D3D10_ERROR_FILE_NOT_FOUND"
  textclass.cpp
c:\program files (x86)\microsoft directx sdk (june 2010)\include\dxgitype.h(12): warning C4005: DXGI_STATUS_OCCLUDED: изменение макроопределения
  c:\program files (x86)\windows kits\10\include\10.0.16299.0\shared\winerror.h(53655): note: см. предыдущее определение "DXGI_STATUS_OCCLUDED"
c:\program files (x86)\microsoft directx sdk (june 2010)\include\dxgitype.h(13): warning C4005: DXGI_STATUS_CLIPPED: изменение макроопределения
  c:\program files (x86)\windows kits\10\include\10.0.16299.0\shared\winerror.h(53664): note: см. предыдущее определение "DXGI_STATUS_CLIPPED"
c:\program files (x86)\microsoft directx sdk (june 2010)\include\dxgitype.h(14): warning C4005: DXGI_STATUS_NO_REDIRECTION: изменение макроопределения
  c:\program files (x86)\windows kits\10\include\10.0.16299.0\shared\winerror.h(53673): note: см. предыдущее определение "DXGI_STATUS_NO_REDIRECTION"
c:\program files (x86)\microsoft directx sdk (june 2010)\include\dxgitype.h(15): warning C4005: DXGI_STATUS_NO_DESKTOP_ACCESS: изменение макроопределения
  c:\program files (x86)\windows kits\10\include\10.0.16299.0\shared\winerror.h(53682): note: см. предыдущее определение "DXGI_STATUS_NO_DESKTOP_ACCESS"
c:\program files (x86)\microsoft directx sdk (june 2010)\include\dxgitype.h(16): warning C4005: DXGI_STATUS_GRAPHICS_VIDPN_SOURCE_IN_USE: изменение макроопределения
  c:\program files (x86)\windows kits\10\include\10.0.16299.0\shared\winerror.h(53691): note: см. предыдущее определение "DXGI_STATUS_GRAPHICS_VIDPN_SOURCE_IN_USE"
c:\program files (x86)\microsoft directx sdk (june 2010)\include\dxgitype.h(17): warning C4005: DXGI_STATUS_MODE_CHANGED: изменение макроопределения
  c:\program files (x86)\windows kits\10\include\10.0.16299.0\shared\winerror.h(53700): note: см. предыдущее определение "DXGI_STATUS_MODE_CHANGED"
c:\program files (x86)\microsoft directx sdk (june 2010)\include\dxgitype.h(18): warning C4005: DXGI_STATUS_MODE_CHANGE_IN_PROGRESS: изменение макроопределения
  c:\program files (x86)\windows kits\10\include\10.0.16299.0\shared\winerror.h(53709): note: см. предыдущее определение "DXGI_STATUS_MODE_CHANGE_IN_PROGRESS"
c:\program files (x86)\microsoft directx sdk (june 2010)\include\dxgitype.h(21): warning C4005: DXGI_ERROR_INVALID_CALL: изменение макроопределения
  c:\program files (x86)\windows kits\10\include\10.0.16299.0\shared\winerror.h(53724): note: см. предыдущее определение "DXGI_ERROR_INVALID_CALL"
c:\program files (x86)\microsoft directx sdk (june 2010)\include\dxgitype.h(22): warning C4005: DXGI_ERROR_NOT_FOUND: изменение макроопределения
  c:\program files (x86)\windows kits\10\include\10.0.16299.0\shared\winerror.h(53733): note: см. предыдущее определение "DXGI_ERROR_NOT_FOUND"
c:\program files (x86)\microsoft directx sdk (june 2010)\include\dxgitype.h(23): warning C4005: DXGI_ERROR_MORE_DATA: изменение макроопределения
  c:\program files (x86)\windows kits\10\include\10.0.16299.0\shared\winerror.h(53742): note: см. предыдущее определение "DXGI_ERROR_MORE_DATA"
c:\program files (x86)\microsoft directx sdk (june 2010)\include\dxgitype.h(24): warning C4005: DXGI_ERROR_UNSUPPORTED: изменение макроопределения
  c:\program files (x86)\windows kits\10\include\10.0.16299.0\shared\winerror.h(53751): note: см. предыдущее определение "DXGI_ERROR_UNSUPPORTED"
c:\program files (x86)\microsoft directx sdk (june 2010)\include\dxgitype.h(25): warning C4005: DXGI_ERROR_DEVICE_REMOVED: изменение макроопределения
  c:\program files (x86)\windows kits\10\include\10.0.16299.0\shared\winerror.h(53760): note: см. предыдущее определение "DXGI_ERROR_DEVICE_REMOVED"
c:\program files (x86)\microsoft directx sdk (june 2010)\include\dxgitype.h(26): warning C4005: DXGI_ERROR_DEVICE_HUNG: изменение макроопределения
  c:\program files (x86)\windows kits\10\include\10.0.16299.0\shared\winerror.h(53769): note: см. предыдущее определение "DXGI_ERROR_DEVICE_HUNG"
c:\program files (x86)\microsoft directx sdk (june 2010)\include\dxgitype.h(27): warning C4005: DXGI_ERROR_DEVICE_RESET: изменение макроопределения
  c:\program files (x86)\windows kits\10\include\10.0.16299.0\shared\winerror.h(53779): note: см. предыдущее определение "DXGI_ERROR_DEVICE_RESET"
c:\program files (x86)\microsoft directx sdk (june 2010)\include\dxgitype.h(28): warning C4005: DXGI_ERROR_WAS_STILL_DRAWING: изменение макроопределения
  c:\program files (x86)\windows kits\10\include\10.0.16299.0\shared\winerror.h(53788): note: см. предыдущее определение "DXGI_ERROR_WAS_STILL_DRAWING"
c:\program files (x86)\microsoft directx sdk (june 2010)\include\dxgitype.h(29): warning C4005: DXGI_ERROR_FRAME_STATISTICS_DISJOINT: изменение макроопределения
  c:\program files (x86)\windows kits\10\include\10.0.16299.0\shared\winerror.h(53798): note: см. предыдущее определение "DXGI_ERROR_FRAME_STATISTICS_DISJOINT"
c:\program files (x86)\microsoft directx sdk (june 2010)\include\dxgitype.h(30): warning C4005: DXGI_ERROR_GRAPHICS_VIDPN_SOURCE_IN_USE: изменение макроопределения
  c:\program files (x86)\windows kits\10\include\10.0.16299.0\shared\winerror.h(53807): note: см. предыдущее определение "DXGI_ERROR_GRAPHICS_VIDPN_SOURCE_IN_USE"
c:\program files (x86)\microsoft directx sdk (june 2010)\include\dxgitype.h(31): warning C4005: DXGI_ERROR_DRIVER_INTERNAL_ERROR: изменение макроопределения
  c:\program files (x86)\windows kits\10\include\10.0.16299.0\shared\winerror.h(53817): note: см. предыдущее определение "DXGI_ERROR_DRIVER_INTERNAL_ERROR"
c:\program files (x86)\microsoft directx sdk (june 2010)\include\dxgitype.h(32): warning C4005: DXGI_ERROR_NONEXCLUSIVE: изменение макроопределения
  c:\program files (x86)\windows kits\10\include\10.0.16299.0\shared\winerror.h(53826): note: см. предыдущее определение "DXGI_ERROR_NONEXCLUSIVE"
c:\program files (x86)\microsoft directx sdk (june 2010)\include\dxgitype.h(33): warning C4005: DXGI_ERROR_NOT_CURRENTLY_AVAILABLE: изменение макроопределения
  c:\program files (x86)\windows kits\10\include\10.0.16299.0\shared\winerror.h(53835): note: см. предыдущее определение "DXGI_ERROR_NOT_CURRENTLY_AVAILABLE"
c:\program files (x86)\microsoft directx sdk (june 2010)\include\dxgitype.h(34): warning C4005: DXGI_ERROR_REMOTE_CLIENT_DISCONNECTED: изменение макроопределения
  c:\program files (x86)\windows kits\10\include\10.0.16299.0\shared\winerror.h(53845): note: см. предыдущее определение "DXGI_ERROR_REMOTE_CLIENT_DISCONNECTED"
c:\program files (x86)\microsoft directx sdk (june 2010)\include\dxgitype.h(35): warning C4005: DXGI_ERROR_REMOTE_OUTOFMEMORY: изменение макроопределения
  c:\program files (x86)\windows kits\10\include\10.0.16299.0\shared\winerror.h(53854): note: см. предыдущее определение "DXGI_ERROR_REMOTE_OUTOFMEMORY"
c:\program files (x86)\microsoft directx sdk (june 2010)\include\d3d11.h(917): warning C4005: D3D11_ERROR_TOO_MANY_UNIQUE_STATE_OBJECTS: изменение макроопределения
  c:\program files (x86)\windows kits\10\include\10.0.16299.0\shared\winerror.h(54118): note: см. предыдущее определение "D3D11_ERROR_TOO_MANY_UNIQUE_STATE_OBJECTS"
c:\program files (x86)\microsoft directx sdk (june 2010)\include\d3d11.h(918): warning C4005: D3D11_ERROR_FILE_NOT_FOUND: изменение макроопределения
  c:\program files (x86)\windows kits\10\include\10.0.16299.0\shared\winerror.h(54127): note: см. предыдущее определение "D3D11_ERROR_FILE_NOT_FOUND"
c:\program files (x86)\microsoft directx sdk (june 2010)\include\d3d11.h(919): warning C4005: D3D11_ERROR_TOO_MANY_UNIQUE_VIEW_OBJECTS: изменение макроопределения
  c:\program files (x86)\windows kits\10\include\10.0.16299.0\shared\winerror.h(54137): note: см. предыдущее определение "D3D11_ERROR_TOO_MANY_UNIQUE_VIEW_OBJECTS"
c:\program files (x86)\microsoft directx sdk (june 2010)\include\d3d11.h(920): warning C4005: D3D11_ERROR_DEFERRED_CONTEXT_MAP_WITHOUT_INITIAL_DISCARD: изменение макроопределения
  c:\program files (x86)\windows kits\10\include\10.0.16299.0\shared\winerror.h(54146): note: см. предыдущее определение "D3D11_ERROR_DEFERRED_CONTEXT_MAP_WITHOUT_INITIAL_DISCARD"
c:\program files (x86)\microsoft directx sdk (june 2010)\include\d3d10.h(608): warning C4005: D3D10_ERROR_TOO_MANY_UNIQUE_STATE_OBJECTS: изменение макроопределения
  c:\program files (x86)\windows kits\10\include\10.0.16299.0\shared\winerror.h(54094): note: см. предыдущее определение "D3D10_ERROR_TOO_MANY_UNIQUE_STATE_OBJECTS"
c:\program files (x86)\microsoft directx sdk (june 2010)\include\d3d10.h(609): warning C4005: D3D10_ERROR_FILE_NOT_FOUND: изменение макроопределения
  c:\program files (x86)\windows kits\10\include\10.0.16299.0\shared\winerror.h(54103): note: см. предыдущее определение "D3D10_ERROR_FILE_NOT_FOUND"
  Создание кода...
  pgis.vcxproj -> C:\Users\ghost_user\source\repos\pgis\Debug\pgis.exe
